---begin global scope---
print (string) -> void
printi (int) -> void
main () -> void
  ---begin scope---
  var0 bool 0
  var1 bool 1
  var2 bool 2
  var3 bool 3
  var4 bool 4
  var5 bool 5
  var6 bool 6
  var7 bool 7
  var8 bool 8
  var9 bool 9
  var10 bool 10
  var11 bool 11
  var12 bool 12
  var13 bool 13
  var14 bool 14
  var15 bool 15
  var16 bool 16
  var17 bool 17
  var18 bool 18
  var19 bool 19
  var20 bool 20
  var21 bool 21
  var22 bool 22
  var23 bool 23
  var24 bool 24
  var25 bool 25
  var26 bool 26
  var27 bool 27
  var28 bool 28
  var29 bool 29
  var30 bool 30
  var31 bool 31
  var32 bool 32
  var33 bool 33
  var34 bool 34
  var35 bool 35
  var36 bool 36
  var37 bool 37
  var38 bool 38
  var39 bool 39
  var40 bool 40
  var41 bool 41
  var42 bool 42
  var43 bool 43
  var44 bool 44
  var45 bool 45
  var46 bool 46
  var47 bool 47
  var48 bool 48
  var49 bool 49
  var50 bool 50
  var51 bool 51
  var52 bool 52
  var53 bool 53
  var54 bool 54
  var55 bool 55
  var56 bool 56
  var57 bool 57
  var58 bool 58
  var59 bool 59
  var60 bool 60
  var61 bool 61
  var62 bool 62
  var63 bool 63
  var64 bool 64
  var65 bool 65
  var66 bool 66
  var67 bool 67
  var68 bool 68
  var69 bool 69
  var70 bool 70
  var71 bool 71
  var72 bool 72
  var73 bool 73
  var74 bool 74
  var75 bool 75
  var76 bool 76
  var77 bool 77
  var78 bool 78
  var79 bool 79
  var80 bool 80
  var81 bool 81
  var82 bool 82
  var83 bool 83
  var84 bool 84
  var85 bool 85
  var86 bool 86
  var87 bool 87
  var88 bool 88
  var89 bool 89
  var90 bool 90
  var91 bool 91
  var92 bool 92
  var93 bool 93
  var94 bool 94
  var95 bool 95
  var96 bool 96
  var97 bool 97
  var98 bool 98
  var99 bool 99
  ---end scope---
---end global scope---
